Started GET "/" for 127.0.0.1 at 2018-12-13 13:20:21 +0700
Processing by Rails::WelcomeController#index as HTML
  Rendering /home/andy/.rvm/gems/ruby-2.5.3/gems/railties-5.1.6/lib/rails/templates/rails/welcome/index.html.erb
  Rendered /home/andy/.rvm/gems/ruby-2.5.3/gems/railties-5.1.6/lib/rails/templates/rails/welcome/index.html.erb (6.6ms)
Completed 200 OK in 525ms (Views: 29.3ms)


Started GET "/" for 127.0.0.1 at 2018-12-13 13:23:46 +0700
Processing by ApplicationController#hello as HTML
  Rendering html template
  Rendered html template (0.1ms)
Completed 200 OK in 17ms (Views: 16.3ms)


Started GET "/" for 127.0.0.1 at 2018-12-13 13:24:06 +0700
Processing by Rails::WelcomeController#index as HTML
  Rendering /home/andy/.rvm/gems/ruby-2.5.3/gems/railties-5.1.6/lib/rails/templates/rails/welcome/index.html.erb
  Rendered /home/andy/.rvm/gems/ruby-2.5.3/gems/railties-5.1.6/lib/rails/templates/rails/welcome/index.html.erb (5.2ms)
Completed 200 OK in 10ms (Views: 8.4ms)


Started GET "/" for 127.0.0.1 at 2018-12-13 13:24:13 +0700
Processing by ApplicationController#hello as HTML
  Rendering html template
  Rendered html template (0.1ms)
Completed 200 OK in 2ms (Views: 1.3ms)


